This is pdfTeX, Version 3.14159265-2.6-1.40.16 (TeX Live 2015) (preloaded format=pdflatex 2016.2.6)  26 JUL 2016 01:20
entering extended mode
 restricted \write18 enabled.
 %&-line parsing enabled.
**recommender_systems.tex
(./recommender_systems.tex
LaTeX2e <2015/01/01>
Babel <3.9l> and hyphenation patterns for 79 languages loaded.
(./pracamgr.cls
Document Class: pracamgr 2006/05/05 v0.5.0 Praca magisterska
(/usr/local/texlive/2015/texmf-dist/tex/latex/base/report.cls
Document Class: report 2014/09/29 v1.4h Standard LaTeX document class
(/usr/local/texlive/2015/texmf-dist/tex/latex/base/size11.clo
File: size11.clo 2014/09/29 v1.4h Standard LaTeX file (size option)
)
\c@part=\count79
\c@chapter=\count80
\c@section=\count81
\c@subsection=\count82
\c@subsubsection=\count83
\c@paragraph=\count84
\c@subparagraph=\count85
\c@figure=\count86
\c@table=\count87
\abovecaptionskip=\skip41
\belowcaptionskip=\skip42
\bibindent=\dimen102
))
(/usr/local/texlive/2015/texmf-dist/tex/latex/polski/polski.sty
Package: polski 2008/02/24 v1.3.3 Polish language package

Document language package `polski' v1.3.3 <2008/02/24>
   Switching to Polish text encoding and Polish maths fonts.
(/usr/local/texlive/2015/texmf-dist/tex/latex/base/ot4enc.def
File: ot4enc.def 2005/09/27 v1.99g Standard LaTeX file
)
LaTeX Font Info:    Try loading font information for OT4+cmr on input line 346.


(/usr/local/texlive/2015/texmf-dist/tex/latex/polski/ot4cmr.fd
File: ot4cmr.fd 2008/02/24 v1.2.1 Font defs for fonts PL (MW)
)
LaTeX Font Info:    Overwriting math alphabet `\mathbf' in version `normal'
(Font)                  OT1/cmr/bx/n --> OT4/cmr/bx/n on input line 346.
LaTeX Font Info:    Overwriting math alphabet `\mathsf' in version `normal'
(Font)                  OT1/cmss/m/n --> OT4/cmss/m/n on input line 346.
LaTeX Font Info:    Overwriting math alphabet `\mathit' in version `normal'
(Font)                  OT1/cmr/m/it --> OT4/cmr/m/it on input line 346.
LaTeX Font Info:    Overwriting math alphabet `\mathtt' in version `normal'
(Font)                  OT1/cmtt/m/n --> OT4/cmtt/m/n on input line 346.
LaTeX Font Info:    Overwriting math alphabet `\mathsf' in version `bold'
(Font)                  OT1/cmss/bx/n --> OT4/cmss/bx/n on input line 346.
LaTeX Font Info:    Overwriting math alphabet `\mathit' in version `bold'
(Font)                  OT1/cmr/bx/it --> OT4/cmr/bx/it on input line 346.
LaTeX Font Info:    Encoding `OT1' has changed to `OT4' for symbol font
(Font)              `operators' in the math version `normal' on input line 346.

LaTeX Font Info:    Overwriting symbol font `operators' in version `normal'
(Font)                  OT1/cmr/m/n --> OT4/cmr/m/n on input line 346.
LaTeX Font Info:    Overwriting symbol font `letters' in version `normal'
(Font)                  OML/cmm/m/it --> OML/plm/m/it on input line 346.
LaTeX Font Info:    Overwriting symbol font `symbols' in version `normal'
(Font)                  OMS/cmsy/m/n --> OMS/plsy/m/n on input line 346.
LaTeX Font Info:    Overwriting symbol font `largesymbols' in version `normal'
(Font)                  OMX/cmex/m/n --> OMX/plex/m/n on input line 346.
LaTeX Font Info:    Encoding `OT1' has changed to `OT4' for symbol font
(Font)              `operators' in the math version `bold' on input line 346.
LaTeX Font Info:    Overwriting symbol font `operators' in version `bold'
(Font)                  OT1/cmr/bx/n --> OT4/cmr/bx/n on input line 346.
LaTeX Font Info:    Overwriting symbol font `letters' in version `bold'
(Font)                  OML/cmm/b/it --> OML/plm/b/it on input line 346.
LaTeX Font Info:    Overwriting symbol font `symbols' in version `bold'
(Font)                  OMS/cmsy/b/n --> OMS/plsy/b/n on input line 346.
)
(/usr/local/texlive/2015/texmf-dist/tex/latex/amsfonts/amssymb.sty
Package: amssymb 2013/01/14 v3.01 AMS font symbols

(/usr/local/texlive/2015/texmf-dist/tex/latex/amsfonts/amsfonts.sty
Package: amsfonts 2013/01/14 v3.01 Basic AMSFonts support
\@emptytoks=\toks14
\symAMSa=\mathgroup4
\symAMSb=\mathgroup5
LaTeX Font Info:    Overwriting math alphabet `\mathfrak' in version `bold'
(Font)                  U/euf/m/n --> U/euf/b/n on input line 106.
))
(/usr/local/texlive/2015/texmf-dist/tex/latex/base/inputenc.sty
Package: inputenc 2015/03/17 v1.2c Input encoding file
\inpenc@prehook=\toks15
\inpenc@posthook=\toks16

(/usr/local/texlive/2015/texmf-dist/tex/latex/base/latin2.def
File: latin2.def 2015/03/17 v1.2c Input encoding file
))
\c@defi=\count88

(./recommender_systems.aux)
\openout1 = `recommender_systems.aux'.

LaTeX Font Info:    Checking defaults for OML/cmm/m/it on input line 85.
LaTeX Font Info:    ... okay on input line 85.
LaTeX Font Info:    Checking defaults for T1/cmr/m/n on input line 85.
LaTeX Font Info:    ... okay on input line 85.
LaTeX Font Info:    Checking defaults for OT1/cmr/m/n on input line 85.
LaTeX Font Info:    ... okay on input line 85.
LaTeX Font Info:    Checking defaults for OMS/cmsy/m/n on input line 85.
LaTeX Font Info:    ... okay on input line 85.
LaTeX Font Info:    Checking defaults for OMX/cmex/m/n on input line 85.
LaTeX Font Info:    ... okay on input line 85.
LaTeX Font Info:    Checking defaults for U/cmr/m/n on input line 85.
LaTeX Font Info:    ... okay on input line 85.
LaTeX Font Info:    Checking defaults for OT4/cmr/m/n on input line 85.
LaTeX Font Info:    ... okay on input line 85.
LaTeX Font Info:    Try loading font information for OML+plm on input line 86.

(/usr/local/texlive/2015/texmf-dist/tex/latex/polski/omlplm.fd
File: omlplm.fd 2008/02/24 v1.2.1 Font defs for fonts PL (MW)
)
LaTeX Font Info:    Try loading font information for OMS+plsy on input line 86.


(/usr/local/texlive/2015/texmf-dist/tex/latex/polski/omsplsy.fd
File: omsplsy.fd 2008/02/24 v1.2.1 Font defs for fonts PL (MW)
)
LaTeX Font Info:    Try loading font information for OMX+plex on input line 86.


(/usr/local/texlive/2015/texmf-dist/tex/latex/polski/omxplex.fd
File: omxplex.fd 2008/02/24 v1.2.1 Font defs for fonts PL (MW)
)
LaTeX Font Info:    External font `plex10' loaded for size
(Font)              <12> on input line 86.
LaTeX Font Info:    External font `plex10' loaded for size
(Font)              <8> on input line 86.
LaTeX Font Info:    External font `plex10' loaded for size
(Font)              <6> on input line 86.
LaTeX Font Info:    Try loading font information for U+msa on input line 86.

(/usr/local/texlive/2015/texmf-dist/tex/latex/amsfonts/umsa.fd
File: umsa.fd 2013/01/14 v3.01 AMS symbols A
)
LaTeX Font Info:    Try loading font information for U+msb on input line 86.

(/usr/local/texlive/2015/texmf-dist/tex/latex/amsfonts/umsb.fd
File: umsb.fd 2013/01/14 v3.01 AMS symbols B
) [1

{/usr/local/texlive/2015/texmf-var/fonts/map/pdftex/updmap/pdftex.map}] [2]
Underfull \hbox (badness 10000) in paragraph at lines 97--97

 []

[1] [2

] (./recommender_systems.toc
LaTeX Font Info:    External font `plex10' loaded for size
(Font)              <10.95> on input line 1.
)
\tf@toc=\write3
\openout3 = `recommender_systems.toc'.

 [3

] [4

]
Rozdzia\PlPrIeC {\l } 1.
[5]
LaTeX Font Info:    Try loading font information for OMS+cmr on input line 148.

 (/usr/local/texlive/2015/texmf-dist/tex/latex/base/omscmr.fd
File: omscmr.fd 2014/09/29 v2.5h Standard LaTeX font definitions
)
LaTeX Font Info:    Font shape `OMS/cmr/m/n' in size <10.95> not available
(Font)              Font shape `OMS/cmsy/m/n' tried instead on input line 148.
LaTeX Font Info:    External font `plex10' loaded for size
(Font)              <9> on input line 181.
LaTeX Font Info:    External font `plex10' loaded for size
(Font)              <5> on input line 181.
 [6] [7]
[8

]
Rozdzia\PlPrIeC {\l } 2.
[9] [10]
Rozdzia\PlPrIeC {\l } 3.
[11

] [12

]
Rozdzia\PlPrIeC {\l } 4.
[13] [14

]
Rozdzia\PlPrIeC {\l } 5.
[15] [16

]
Rozdzia\PlPrIeC {\l } 6.
[17] [18

]
Rozdzia\PlPrIeC {\l } 7.
[19] [20

] [21] (./recommender_systems.aux) ) 
Here is how much of TeX's memory you used:
 896 strings out of 493089
 11017 string characters out of 6134843
 63557 words of memory out of 5000000
 4390 multiletter control sequences out of 15000+600000
 19892 words of font info for 59 fonts, out of 8000000 for 9000
 1141 hyphenation exceptions out of 8191
 27i,8n,26p,294b,231s stack positions out of 5000i,500n,10000p,200000b,80000s
{/usr/local/texlive/2015/texmf-dist/fonts/e
nc/dvips/pl/plmi.enc}{/usr/local/texlive/2015/texmf-dist/fonts/enc/dvips/pl/plm
s.enc}{/usr/local/texlive/2015/texmf-dist/fonts/enc/dvips/pl/plme.enc}{/usr/loc
al/texlive/2015/texmf-dist/fonts/enc/dvips/pl/plrm.enc}{/usr/local/texlive/2015
/texmf-dist/fonts/enc/dvips/pl/plit.enc}</usr/local/texlive/2015/texmf-dist/fon
ts/type1/public/amsfonts/cm/cmsy10.pfb></usr/local/texlive/2015/texmf-dist/font
s/type1/public/amsfonts/symbols/msbm10.pfb></usr/local/texlive/2015/texmf-dist/
fonts/type1/public/pl/plbx10.pfb></usr/local/texlive/2015/texmf-dist/fonts/type
1/public/pl/plbx12.pfb></usr/local/texlive/2015/texmf-dist/fonts/type1/public/p
l/plbxti10.pfb></usr/local/texlive/2015/texmf-dist/fonts/type1/public/pl/plex10
.pfb></usr/local/texlive/2015/texmf-dist/fonts/type1/public/pl/plmi10.pfb></usr
/local/texlive/2015/texmf-dist/fonts/type1/public/pl/plmi6.pfb></usr/local/texl
ive/2015/texmf-dist/fonts/type1/public/pl/plmi8.pfb></usr/local/texlive/2015/te
xmf-dist/fonts/type1/public/pl/plr10.pfb></usr/local/texlive/2015/texmf-dist/fo
nts/type1/public/pl/plr12.pfb></usr/local/texlive/2015/texmf-dist/fonts/type1/p
ublic/pl/plr17.pfb></usr/local/texlive/2015/texmf-dist/fonts/type1/public/pl/pl
r6.pfb></usr/local/texlive/2015/texmf-dist/fonts/type1/public/pl/plr8.pfb></usr
/local/texlive/2015/texmf-dist/fonts/type1/public/pl/plr9.pfb></usr/local/texli
ve/2015/texmf-dist/fonts/type1/public/pl/plsy10.pfb></usr/local/texlive/2015/te
xmf-dist/fonts/type1/public/pl/plsy8.pfb></usr/local/texlive/2015/texmf-dist/fo
nts/type1/public/pl/plti10.pfb>
Output written on recommender_systems.pdf (23 pages, 146283 bytes).
PDF statistics:
 156 PDF objects out of 1000 (max. 8388607)
 111 compressed objects within 2 object streams
 0 named destinations out of 1000 (max. 500000)
 1 words of extra memory for PDF output out of 10000 (max. 10000000)

